#
# There is insufficient memory for the Java Runtime Environment to continue.
# Native memory allocation (mmap) failed to map 266338304 bytes for G1 virtual space
# Possible reasons:
#   The system is out of physical RAM or swap space
#   The process is running with CompressedOops enabled, and the Java Heap may be blocking the growth of the native heap
# Possible solutions:
#   Reduce memory load on the system
#   Increase physical memory or swap space
#   Check if swap backing store is full
#   Decrease Java heap size (-Xmx/-Xms)
#   Decrease number of Java threads
#   Decrease Java thread stack sizes (-Xss)
#   Set larger code cache with -XX:ReservedCodeCacheSize=
#   JVM is running with Zero Based Compressed Oops mode in which the Java heap is
#     placed in the first 32GB address space. The Java Heap base address is the
#     maximum limit for the native heap growth. Please use -XX:HeapBaseMinAddress
#     to set the Java Heap base and to place the Java Heap above 32GB virtual address.
# This output file may be truncated or incomplete.
#
#  Out of Memory Error (os_windows.cpp:3829), pid=11464, tid=1648
#
# JRE version:  (17.0.8+7) (build )
# Java VM: OpenJDK 64-Bit Server VM (17.0.8+7-b1000.22, mixed mode, sharing, tiered, compressed oops, compressed class ptrs, g1 gc, windows-amd64)
# No core dump will be written. Minidumps are not enabled by default on client versions of Windows
#

---------------  S U M M A R Y ------------

Command Line: -javaagent:C:\Program Files\JetBrains\IntelliJ IDEA Community Edition 2023.2.2\lib\idea_rt.jar=59980:C:\Program Files\JetBrains\IntelliJ IDEA Community Edition 2023.2.2\bin -Dfile.encoding=UTF-8 com.speer.service.ServiceApplicationKt

Host: Intel(R) Core(TM) i3-8145U CPU @ 2.10GHz, 4 cores, 15G,  Windows 10 , 64 bit Build 19041 (10.0.19041.3636)
Time: Sun Jan  7 00:37:41 2024 India Standard Time elapsed time: 0.024860 seconds (0d 0h 0m 0s)

---------------  T H R E A D  ---------------

Current thread (0x000002667590fab0):  JavaThread "Unknown thread" [_thread_in_vm, id=1648, stack(0x000000ae12500000,0x000000ae12600000)]

Stack: [0x000000ae12500000,0x000000ae12600000]
Native frames: (J=compiled Java code, j=interpreted, Vv=VM code, C=native code)
V  [jvm.dll+0x6852da]
V  [jvm.dll+0x844c84]
V  [jvm.dll+0x84659e]
V  [jvm.dll+0x846c03]
V  [jvm.dll+0x24b7cf]
V  [jvm.dll+0x682049]
V  [jvm.dll+0x67671a]
V  [jvm.dll+0x30be2b]
V  [jvm.dll+0x3132d6]
V  [jvm.dll+0x36302e]
V  [jvm.dll+0x36325f]
V  [jvm.dll+0x2e1f48]
V  [jvm.dll+0x2e2eb4]
V  [jvm.dll+0x815c11]
V  [jvm.dll+0x370df1]
V  [jvm.dll+0x7f4fdc]
V  [jvm.dll+0x3f3f1f]
V  [jvm.dll+0x3f5b31]
C  [jli.dll+0x528f]
C  [ucrtbase.dll+0x21bb2]
C  [KERNEL32.DLL+0x17344]
C  [ntdll.dll+0x526b1]


---------------  P R O C E S S  ---------------

Threads class SMR info:
_java_thread_list=0x00007ff824dc0098, length=0, elements={
}

Java Threads: ( => current thread )

Other Threads:
  0x0000026675979f30 GCTaskThread "GC Thread#0" [stack: 0x000000ae12600000,0x000000ae12700000] [id=1500]
  0x000002667383df00 ConcurrentGCThread "G1 Main Marker" [stack: 0x000000ae12700000,0x000000ae12800000] [id=13152]
  0x000002667383e910 ConcurrentGCThread "G1 Conc#0" [stack: 0x000000ae12800000,0x000000ae12900000] [id=16604]

[error occurred during error reporting (printing all threads), id 0xc0000005, EXCEPTION_ACCESS_VIOLATION (0xc0000005) at pc=0x00007ff824572ab7]

VM state: not at safepoint (not fully initialized)

VM Mutex/Monitor currently owned by a thread:  ([mutex/lock_event])
[0x000002667590a6b0] Heap_lock - owner thread: 0x000002667590fab0

Heap address: 0x0000000702000000, size: 4064 MB, Compressed Oops mode: Zero based, Oop shift amount: 3

CDS archive(s) mapped at: [0x0000000000000000-0x0000000000000000-0x0000000000000000), size 0, SharedBaseAddress: 0x0000000800000000, ArchiveRelocationMode: 1.
Narrow klass base: 0x0000000000000000, Narrow klass shift: 0, Narrow klass range: 0x0

GC Precious Log:
<Empty>

Heap:
 garbage-first heap   total 0K, used 0K [0x0000000702000000, 0x0000000800000000)
  region size 2048K, 0 young (0K), 0 survivors (0K)
 Metaspace       used 0K, committed 0K, reserved 0K
  class space    used 0K, committed 0K, reserved 0K

Heap Regions: E=young(eden), S=young(survivor), O=old, HS=humongous(starts), HC=humongous(continues), CS=collection set, F=free, OA=open archive, CA=closed archive, TAMS=top-at-mark-start (previous, next)

Card table byte_map: [0x0000026679850000,0x000002667a040000] _byte_map_base: 0x0000026676040000

Marking Bits (Prev, Next): (CMBitMap*) 0x000002667597a550, (CMBitMap*) 0x000002667597a590
 Prev Bits: [0x000002667a830000, 0x000002667e7b0000)
 Next Bits: [0x000002660f000000, 0x0000026612f80000)

GC Heap History (0 events):
No events

Dll operation events (1 events):
Event: 0.014 Loaded shared library C:\Program Files\JetBrains\IntelliJ IDEA Community Edition 2023.2.2\jbr\bin\java.dll

Deoptimization events (0 events):
No events

Classes unloaded (0 events):
No events

Classes redefined (0 events):
No events

Internal exceptions (0 events):
No events

VM Operations (0 events):
No events

Events (0 events):
No events


Dynamic libraries:
0x00007ff67f140000 - 0x00007ff67f14a000 	C:\Program Files\JetBrains\IntelliJ IDEA Community Edition 2023.2.2\jbr\bin\java.exe
0x00007ff876910000 - 0x00007ff876b08000 	C:\WINDOWS\SYSTEM32\ntdll.dll
0x00007ff874b20000 - 0x00007ff874bdd000 	C:\WINDOWS\System32\KERNEL32.DLL
0x00007ff8745e0000 - 0x00007ff8748d6000 	C:\WINDOWS\System32\KERNELBASE.dll
0x00007ff874330000 - 0x00007ff874430000 	C:\WINDOWS\System32\ucrtbase.dll
0x00007ff8484f0000 - 0x00007ff84850b000 	C:\Program Files\JetBrains\IntelliJ IDEA Community Edition 2023.2.2\jbr\bin\VCRUNTIME140.dll
0x00007ff84f120000 - 0x00007ff84f137000 	C:\Program Files\JetBrains\IntelliJ IDEA Community Edition 2023.2.2\jbr\bin\jli.dll
0x00007ff876730000 - 0x00007ff8768ce000 	C:\WINDOWS\System32\USER32.dll
0x00007ff874230000 - 0x00007ff874252000 	C:\WINDOWS\System32\win32u.dll
0x00007ff861bd0000 - 0x00007ff861e6a000 	C:\WINDOWS\WinSxS\amd64_microsoft.windows.common-controls_6595b64144ccf1df_6.0.19041.3636_none_60b6a03d71f818d5\COMCTL32.dll
0x00007ff874f00000 - 0x00007ff874f2c000 	C:\WINDOWS\System32\GDI32.dll
0x00007ff874e40000 - 0x00007ff874ede000 	C:\WINDOWS\System32\msvcrt.dll
0x00007ff8740a0000 - 0x00007ff8741ba000 	C:\WINDOWS\System32\gdi32full.dll
0x00007ff874260000 - 0x00007ff8742fd000 	C:\WINDOWS\System32\msvcp_win.dll
0x00007ff875070000 - 0x00007ff8750a0000 	C:\WINDOWS\System32\IMM32.DLL
0x00007ff8484e0000 - 0x00007ff8484ec000 	C:\Program Files\JetBrains\IntelliJ IDEA Community Edition 2023.2.2\jbr\bin\vcruntime140_1.dll
0x00007ff8202f0000 - 0x00007ff82037d000 	C:\Program Files\JetBrains\IntelliJ IDEA Community Edition 2023.2.2\jbr\bin\msvcp140.dll
0x00007ff824280000 - 0x00007ff824f03000 	C:\Program Files\JetBrains\IntelliJ IDEA Community Edition 2023.2.2\jbr\bin\server\jvm.dll
0x00007ff8760c0000 - 0x00007ff87616f000 	C:\WINDOWS\System32\ADVAPI32.dll
0x00007ff8750a0000 - 0x00007ff87513c000 	C:\WINDOWS\System32\sechost.dll
0x00007ff875300000 - 0x00007ff875426000 	C:\WINDOWS\System32\RPCRT4.dll
0x00007ff873e50000 - 0x00007ff873e9b000 	C:\WINDOWS\SYSTEM32\POWRPROF.dll
0x00007ff8716d0000 - 0x00007ff8716d9000 	C:\WINDOWS\SYSTEM32\WSOCK32.dll
0x00007ff876650000 - 0x00007ff8766bb000 	C:\WINDOWS\System32\WS2_32.dll
0x00007ff858680000 - 0x00007ff8586a7000 	C:\WINDOWS\SYSTEM32\WINMM.dll
0x00007ff86b8c0000 - 0x00007ff86b8ca000 	C:\WINDOWS\SYSTEM32\VERSION.dll
0x00007ff873e30000 - 0x00007ff873e42000 	C:\WINDOWS\SYSTEM32\UMPDC.dll
0x00007ff871e70000 - 0x00007ff871e82000 	C:\WINDOWS\SYSTEM32\kernel.appcore.dll
0x00007ff86fa40000 - 0x00007ff86fa4a000 	C:\Program Files\JetBrains\IntelliJ IDEA Community Edition 2023.2.2\jbr\bin\jimage.dll
0x00007ff8650b0000 - 0x00007ff865294000 	C:\WINDOWS\SYSTEM32\DBGHELP.DLL
0x00007ff85fa00000 - 0x00007ff85fa34000 	C:\WINDOWS\SYSTEM32\dbgcore.DLL
0x00007ff8748e0000 - 0x00007ff874962000 	C:\WINDOWS\System32\bcryptPrimitives.dll
0x00007ff8546c0000 - 0x00007ff8546ce000 	C:\Program Files\JetBrains\IntelliJ IDEA Community Edition 2023.2.2\jbr\bin\instrument.dll
0x00007ff86f9b0000 - 0x00007ff86f9d5000 	C:\Program Files\JetBrains\IntelliJ IDEA Community Edition 2023.2.2\jbr\bin\java.dll

dbghelp: loaded successfully - version: 4.0.5 - missing functions: none
symbol engine: initialized successfully - sym options: 0x614 - pdb path: .;C:\Program Files\JetBrains\IntelliJ IDEA Community Edition 2023.2.2\jbr\bin;C:\WINDOWS\SYSTEM32;C:\WINDOWS\WinSxS\amd64_microsoft.windows.common-controls_6595b64144ccf1df_6.0.19041.3636_none_60b6a03d71f818d5;C:\Program Files\JetBrains\IntelliJ IDEA Community Edition 2023.2.2\jbr\bin\server

VM Arguments:
jvm_args: -javaagent:C:\Program Files\JetBrains\IntelliJ IDEA Community Edition 2023.2.2\lib\idea_rt.jar=59980:C:\Program Files\JetBrains\IntelliJ IDEA Community Edition 2023.2.2\bin -Dfile.encoding=UTF-8 
java_command: com.speer.service.ServiceApplicationKt
java_class_path (initial): C:\Users\Adithya\Desktop\New folder (6)\service\build\classes\kotlin\main;C:\Users\Adithya\Desktop\New folder (6)\service\build\resources\main;C:\Users\Adithya\.gradle\caches\modules-2\files-2.1\org.springdoc\springdoc-openapi-kotlin\1.7.0\7cd71227ddb57b45c2285d57bcf93b4288e43928\springdoc-openapi-kotlin-1.7.0.jar;C:\Users\Adithya\.gradle\caches\modules-2\files-2.1\org.springframework.boot\spring-boot-starter-web\3.2.1\e27e36d4222fd4d589e634e1c7f5f09f0316147c\spring-boot-starter-web-3.2.1.jar;C:\Users\Adithya\.gradle\caches\modules-2\files-2.1\org.flywaydb\flyway-core\9.22.3\76519923a547892f0108b99d1e7b06dcb4727ecd\flyway-core-9.22.3.jar;C:\Users\Adithya\.gradle\caches\modules-2\files-2.1\org.springdoc\springdoc-openapi-data-rest\1.7.0\59cf06c4c0661da4892d42e4241a63806e695f4c\springdoc-openapi-data-rest-1.7.0.jar;C:\Users\Adithya\.gradle\caches\modules-2\files-2.1\org.springdoc\springdoc-openapi-ui\1.7.0\f4763107b0fb1f9c17fe6523b2fd0ca6cb201d66\springdoc-openapi-ui-1.7.0.jar;C:\Users\Adithya\.gradle\caches\modules-2\files-2.1\io.springfox\springfox-boot-starter\3.0.0\5486365e263f8acca014b97efa50c3419d58e8f6\springfox-boot-starter-3.0.0.jar;C:\Users\Adithya\.gradle\caches\modules-2\files-2.1\io.springfox\springfox-swagger2\3.0.0\7bcb18d496576eff76ef7bb72684e149cbb75c1d\springfox-swagger2-3.0.0.jar;C:\Users\Adithya\.gradle\caches\modules-2\files-2.1\com.fasterxml.jackson.module\jackson-module-kotlin\2.15.3\36ea7813ada694e67f562ff1dc6f3b47883e373\jackson-module-kotlin-2.15.3.jar;C:\Users\Adithya\.gradle\caches\modules-2\files-2.1\org.jetbrains.kotlin\kotlin-reflect\1.9.21\5570877dec93532519eda165abb3674ea1e07cbc\kotlin-reflect-1.9.21.jar;C:\Users\Adithya\.gradle\caches\modules-2\files-2.1\org.jetbrains.kotlin\kotlin-stdlib\1.9.21\17ee3e873d439566c7d8354403b5f3d9744c4c9c\kotlin-stdlib-1.9.21.jar;C:\Users\Adithya\.gradle\caches\modules-2\files-2.1\org.springframework.boot\spring-boot-starter-actuator\3.2.1\ca17ff67e80a230f04d40d73321d623b769e
Launcher Type: SUN_STANDARD

[Global flags]
     intx CICompilerCount                          = 3                                         {product} {ergonomic}
     uint ConcGCThreads                            = 1                                         {product} {ergonomic}
     uint G1ConcRefinementThreads                  = 4                                         {product} {ergonomic}
   size_t G1HeapRegionSize                         = 2097152                                   {product} {ergonomic}
    uintx GCDrainStackTargetSize                   = 64                                        {product} {ergonomic}
   size_t InitialHeapSize                          = 266338304                                 {product} {ergonomic}
   size_t MarkStackSize                            = 4194304                                   {product} {ergonomic}
   size_t MaxHeapSize                              = 4261412864                                {product} {ergonomic}
   size_t MinHeapDeltaBytes                        = 2097152                                   {product} {ergonomic}
   size_t MinHeapSize                              = 8388608                                   {product} {ergonomic}
    uintx NonNMethodCodeHeapSize                   = 5832780                                {pd product} {ergonomic}
    uintx NonProfiledCodeHeapSize                  = 122912730                              {pd product} {ergonomic}
    uintx ProfiledCodeHeapSize                     = 122912730                              {pd product} {ergonomic}
    uintx ReservedCodeCacheSize                    = 251658240                              {pd product} {ergonomic}
     bool SegmentedCodeCache                       = true                                      {product} {ergonomic}
   size_t SoftMaxHeapSize                          = 4261412864                             {manageable} {ergonomic}
     bool UseCompressedClassPointers               = true                           {product lp64_product} {ergonomic}
     bool UseCompressedOops                        = true                           {product lp64_product} {ergonomic}
     bool UseG1GC                                  = true                                      {product} {ergonomic}
     bool UseLargePagesIndividualAllocation        = false                                  {pd product} {ergonomic}

Logging:
Log output configuration:
 #0: stdout all=warning uptime,level,tags
 #1: stderr all=off uptime,level,tags

Environment Variables:
JAVA_HOME=C:\Program Files\Java\jdk-17
PATH=C:\Python310\Scripts\;C:\Python310\;C:\WINDOWS\system32;C:\WINDOWS;C:\WINDOWS\System32\Wbem;C:\WINDOWS\System32\WindowsPowerShell\v1.0\;C:\WINDOWS\System32\OpenSSH\;F:\Java\bin;C:\Program Files\Java\jdk-11\bin;C:\Users\Adithya\AppData\Local\Programs\Python\Python37-32\Scripts\;C:\Users\Adithya\AppData\Local\Programs\Python\Python37-32\;C:\Users\Adithya\AppData\Local\Microsoft\WindowsApps;C:\Users\Adithya\AppData\Roaming\npm;C:\Users\Adithya\AppData\Local\Programs\Microsoft VS Code\bin;C:\adb;C:\Users\Adithya\AppData\Local\Programs\Python\Python39;C:\ProgramData\chocolatey\bin;C:\msys64\mingw64\bin;C:\msys64\mingw64\bin\gcc.exe;C:\Program Files (x86)\quex;C:\Users\Adithya\AppData\Local\Programs\IPFS Desktop;F:\my\study\BLOCKCHAIN\go-ipfs\ipfs.exe;C:\Program Files (x86)\Gpg4win\bin;C:\Users\Adithya\AppData\Local\Programs\IPFS Desktop\IPFS Desktop.exe;C:\Users\Adithya\anaconda3\Library\bin\graphviz;C:\Program;C:\Program Files\Docker\Docker\resources\bin;C:\Program Files\Git\bin\;C:\Program Files\Git\cmd\;C:\Users\Adithya\AppData\Local\Programs\Python\Python37-32\Scripts\;C:\Users\Adithya\AppData\Local\Programs\Python\Python37-32\;C:\Users\Adithya\AppData\Local\Microsoft\WindowsApps;F:\Program Files\Java\jdk1.8.0_144\bin;C:\Users\Adithya\AppData\Local\Programs\Microsoft VS Code\bin;C:\Users\Adithya\AppData\Local\Programs\IPFS Desktop;C:\Program Files (x86)\Gpg4win\bin;C:\Program Files\nodejs;C:\Users\Adithya\anaconda3\Library\bin\graphviz;C:\Program Files\heroku\bin;C:\Program Files\JetBrains\IntelliJ IDEA Community Edition 2023.2.2\bin;;C:\Program Files\Java\jdk-17\bin;
USERNAME=Adithya
OS=Windows_NT
PROCESSOR_IDENTIFIER=Intel64 Family 6 Model 142 Stepping 11, GenuineIntel
TMP=C:\Users\Adithya\AppData\Local\Temp
TEMP=C:\Users\Adithya\AppData\Local\Temp


JNI global refs:
JNI global refs: 0, weak refs: 0

JNI global refs memory usage: 0, weak refs: 0

OOME stack traces (most recent first):
Classloader memory used:


---------------  S Y S T E M  ---------------

OS:
 Windows 10 , 64 bit Build 19041 (10.0.19041.3636)
OS uptime: 0 days 2:11 hours
Hyper-V role detected

CPU: total 4 (initial active 4) (2 cores per cpu, 2 threads per core) family 6 model 142 stepping 11 microcode 0xec, cx8, cmov, fxsr, ht, mmx, 3dnowpref, sse, sse2, sse3, ssse3, sse4.1, sse4.2, popcnt, lzcnt, tsc, tscinvbit, avx, avx2, aes, erms, clmul, bmi1, bmi2, adx, fma, vzeroupper, clflush, clflushopt, hv
Processor Information for processor 0
  Max Mhz: 2304, Current Mhz: 1402, Mhz Limit: 2096
Processor Information for processor 1
  Max Mhz: 2304, Current Mhz: 2103, Mhz Limit: 2096
Processor Information for processor 2
  Max Mhz: 2304, Current Mhz: 1402, Mhz Limit: 2096
Processor Information for processor 3
  Max Mhz: 2304, Current Mhz: 2103, Mhz Limit: 2096

Memory: 4k page, system-wide physical 16255M (1331M free)
TotalPageFile size 18301M (AvailPageFile size 180M)
current process WorkingSet (physical memory assigned to process): 10M, peak: 10M
current process commit charge ("private bytes"): 52M, peak: 306M

vm_info: OpenJDK 64-Bit Server VM (17.0.8+7-b1000.22) for windows-amd64 JRE (17.0.8+7-b1000.22), built on 2023-09-02 by "builduser" with MS VC++ 16.10 / 16.11 (VS2019)

END.
